-------------------------------------------------------------------------------
Test set: com.codeclan.example.pirateservice_d1_starter.PirateserviceD1StarterApplicationTests
-------------------------------------------------------------------------------
Tests run: 3, Failures: 0, Errors: 3, Skipped: 0, Time elapsed: 17.742 s <<< FAILURE! - in com.codeclan.example.pirateservice_d1_starter.PirateserviceD1StarterApplicationTests
createPirateAndShip  Time elapsed: 0.056 s  <<< ERROR!
java.lang.IllegalStateException: Failed to load ApplicationContext
Caused by: org.springframework.beans.factory.BeanCreationException: Error creating bean with name 'raidRepository' defined in com.codeclan.example.pirateservice_d1_starter.repositories.RaidRepository defined in @EnableJpaRepositories declared on JpaRepositoriesRegistrar.EnableJpaRepositoriesConfiguration: Cannot resolve reference to bean 'jpaMappingContext' while setting bean property 'mappingContext'; nested exception is org.springframework.beans.factory.BeanCreationException: Error creating bean with name 'jpaMappingContext': Invocation of init method failed; nested exception is org.hibernate.AnnotationException: Use of @OneToMany or @ManyToMany targeting an unmapped class: com.codeclan.example.pirateservice_d1_starter.models.Pirate.raids[com.codeclan.example.pirateservice_d1_starter.models.Raid]
Caused by: org.springframework.beans.factory.BeanCreationException: Error creating bean with name 'jpaMappingContext': Invocation of init method failed; nested exception is org.hibernate.AnnotationException: Use of @OneToMany or @ManyToMany targeting an unmapped class: com.codeclan.example.pirateservice_d1_starter.models.Pirate.raids[com.codeclan.example.pirateservice_d1_starter.models.Raid]
Caused by: org.hibernate.AnnotationException: Use of @OneToMany or @ManyToMany targeting an unmapped class: com.codeclan.example.pirateservice_d1_starter.models.Pirate.raids[com.codeclan.example.pirateservice_d1_starter.models.Raid]

addPiratesAndRaids  Time elapsed: 0.019 s  <<< ERROR!
java.lang.IllegalStateException: Failed to load ApplicationContext
Caused by: org.springframework.beans.factory.BeanCreationException: Error creating bean with name 'pirateRepository' defined in com.codeclan.example.pirateservice_d1_starter.repositories.PirateRepository defined in @EnableJpaRepositories declared on JpaRepositoriesRegistrar.EnableJpaRepositoriesConfiguration: Cannot resolve reference to bean 'jpaMappingContext' while setting bean property 'mappingContext'; nested exception is org.springframework.beans.factory.BeanCreationException: Error creating bean with name 'jpaMappingContext': Invocation of init method failed; nested exception is org.hibernate.AnnotationException: Use of @OneToMany or @ManyToMany targeting an unmapped class: com.codeclan.example.pirateservice_d1_starter.models.Pirate.raids[com.codeclan.example.pirateservice_d1_starter.models.Raid]
Caused by: org.springframework.beans.factory.BeanCreationException: Error creating bean with name 'jpaMappingContext': Invocation of init method failed; nested exception is org.hibernate.AnnotationException: Use of @OneToMany or @ManyToMany targeting an unmapped class: com.codeclan.example.pirateservice_d1_starter.models.Pirate.raids[com.codeclan.example.pirateservice_d1_starter.models.Raid]
Caused by: org.hibernate.AnnotationException: Use of @OneToMany or @ManyToMany targeting an unmapped class: com.codeclan.example.pirateservice_d1_starter.models.Pirate.raids[com.codeclan.example.pirateservice_d1_starter.models.Raid]

contextLoads  Time elapsed: 0 s  <<< ERROR!
java.lang.IllegalStateException: Failed to load ApplicationContext
Caused by: org.springframework.beans.factory.BeanCreationException: Error creating bean with name 'raidRepository' defined in com.codeclan.example.pirateservice_d1_starter.repositories.RaidRepository defined in @EnableJpaRepositories declared on JpaRepositoriesRegistrar.EnableJpaRepositoriesConfiguration: Cannot resolve reference to bean 'jpaMappingContext' while setting bean property 'mappingContext'; nested exception is org.springframework.beans.factory.BeanCreationException: Error creating bean with name 'jpaMappingContext': Invocation of init method failed; nested exception is org.hibernate.AnnotationException: Use of @OneToMany or @ManyToMany targeting an unmapped class: com.codeclan.example.pirateservice_d1_starter.models.Pirate.raids[com.codeclan.example.pirateservice_d1_starter.models.Raid]
Caused by: org.springframework.beans.factory.BeanCreationException: Error creating bean with name 'jpaMappingContext': Invocation of init method failed; nested exception is org.hibernate.AnnotationException: Use of @OneToMany or @ManyToMany targeting an unmapped class: com.codeclan.example.pirateservice_d1_starter.models.Pirate.raids[com.codeclan.example.pirateservice_d1_starter.models.Raid]
Caused by: org.hibernate.AnnotationException: Use of @OneToMany or @ManyToMany targeting an unmapped class: com.codeclan.example.pirateservice_d1_starter.models.Pirate.raids[com.codeclan.example.pirateservice_d1_starter.models.Raid]

